<?xml version="1.0" encoding="UTF-8"?>
<!-- Generated by org.testng.reporters.JUnitReportReporter -->
<testsuite hostname="leochen0817" name="com.forte.appium.GDLifeAppium" tests="1" failures="0" timestamp="20 Mar 2017 05:15:42 GMT" time="14.257" errors="0">
  <testcase name="login" time="14.257" classname="com.forte.appium.GDLifeAppium"/>
</testsuite> <!-- com.forte.appium.GDLifeAppium -->
